<?xml version="1.0" encoding="UTF-8"?>
<testsuite name="com.gyong.book.springboot.domain.posts.PostsRepositoryTest" tests="2" skipped="0" failures="0" errors="0" timestamp="2020-10-07T13:17:35" hostname="DESKTOP-3H0QRFM" time="0.358">
  <properties/>
  <testcase name="게시글저장_불러오기" classname="com.gyong.book.springboot.domain.posts.PostsRepositoryTest" time="0.333"/>
  <testcase name="BaseTimeEntity_등록" classname="com.gyong.book.springboot.domain.posts.PostsRepositoryTest" time="0.024"/>
  <system-out><![CDATA[2020-10-07 22:17:30.989  INFO 19364 --- [    Test worker] .b.t.c.SpringBootTestContextBootstrapper : Neither @ContextConfiguration nor @ContextHierarchy found for test class [com.gyong.book.springboot.domain.posts.PostsRepositoryTest], using SpringBootContextLoader
2020-10-07 22:17:30.990  INFO 19364 --- [    Test worker] o.s.t.c.support.AbstractContextLoader    : Could not detect default resource locations for test class [com.gyong.book.springboot.domain.posts.PostsRepositoryTest]: no resource found for suffixes {-context.xml, Context.groovy}.
2020-10-07 22:17:30.991  INFO 19364 --- [    Test worker] t.c.s.AnnotationConfigContextLoaderUtils : Could not detect default configuration classes for test class [com.gyong.book.springboot.domain.posts.PostsRepositoryTest]: PostsRepositoryTest does not declare any static, non-private, non-final, nested classes annotated with @Configuration.
2020-10-07 22:17:31.027  INFO 19364 --- [    Test worker] .b.t.c.SpringBootTestContextBootstrapper : Found @SpringBootConfiguration com.gyong.book.springboot.Application for test class com.gyong.book.springboot.domain.posts.PostsRepositoryTest
2020-10-07 22:17:31.042  INFO 19364 --- [    Test worker] .b.t.c.SpringBootTestContextBootstrapper : Loaded default TestExecutionListener class names from location [META-INF/spring.factories]: [org.springframework.security.test.context.support.WithSecurityContextTestExecutionListener, org.springframework.security.test.context.support.ReactorContextTestExecutionListener, org.springframework.boot.test.autoconfigure.restdocs.RestDocsTestExecutionListener, org.springframework.boot.test.autoconfigure.web.client.MockRestServiceServerResetTestExecutionListener, org.springframework.boot.test.autoconfigure.web.servlet.MockMvcPrintOnlyOnFailureTestExecutionListener, org.springframework.boot.test.autoconfigure.web.servlet.WebDriverTestExecutionListener, org.springframework.boot.test.mock.mockito.MockitoTestExecutionListener, org.springframework.boot.test.mock.mockito.ResetMocksTestExecutionListener, org.springframework.test.context.web.ServletTestExecutionListener, org.springframework.test.context.support.DirtiesContextBeforeModesTestExecutionListener, org.springframework.test.context.support.DependencyInjectionTestExecutionListener, org.springframework.test.context.support.DirtiesContextTestExecutionListener, org.springframework.test.context.transaction.TransactionalTestExecutionListener, org.springframework.test.context.jdbc.SqlScriptsTestExecutionListener]
2020-10-07 22:17:31.046  INFO 19364 --- [    Test worker] .b.t.c.SpringBootTestContextBootstrapper : Using TestExecutionListeners: [org.springframework.test.context.web.ServletTestExecutionListener@511b23e, org.springframework.test.context.support.DirtiesContextBeforeModesTestExecutionListener@eb3573b, org.springframework.boot.test.mock.mockito.MockitoTestExecutionListener@73c9f62c, org.springframework.boot.test.autoconfigure.SpringBootDependencyInjectionTestExecutionListener@7874cfac, org.springframework.test.context.support.DirtiesContextTestExecutionListener@70fc02de, org.springframework.test.context.transaction.TransactionalTestExecutionListener@64628975, org.springframework.test.context.jdbc.SqlScriptsTestExecutionListener@58a67b43, org.springframework.security.test.context.support.WithSecurityContextTestExecutionListener@671d654, org.springframework.security.test.context.support.ReactorContextTestExecutionListener@160bdeb6, org.springframework.boot.test.autoconfigure.restdocs.RestDocsTestExecutionListener@66d2d423, org.springframework.boot.test.autoconfigure.web.client.MockRestServiceServerResetTestExecutionListener@dc5d7d9, org.springframework.boot.test.autoconfigure.web.servlet.MockMvcPrintOnlyOnFailureTestExecutionListener@50e7343, org.springframework.boot.test.autoconfigure.web.servlet.WebDriverTestExecutionListener@4db8f33a, org.springframework.boot.test.mock.mockito.ResetMocksTestExecutionListener@3dbb5562]

  .   ____          _            __ _ _
 /\\ / ___'_ __ _ _(_)_ __  __ _ \ \ \ \
( ( )\___ | '_ | '_| | '_ \/ _` | \ \ \ \
 \\/  ___)| |_)| | | | | || (_| |  ) ) ) )
  '  |____| .__|_| |_|_| |_\__, | / / / /
 =========|_|==============|___/=/_/_/_/
 :: Spring Boot ::        (v2.1.9.RELEASE)

2020-10-07 22:17:31.175  INFO 19364 --- [    Test worker] c.g.b.s.d.posts.PostsRepositoryTest      : Starting PostsRepositoryTest on DESKTOP-3H0QRFM with PID 19364 (started by gyuhong in C:\Users\gyuhong\IdeaProjects\freetec-springboot2-websevice)
2020-10-07 22:17:31.175  INFO 19364 --- [    Test worker] c.g.b.s.d.posts.PostsRepositoryTest      : No active profile set, falling back to default profiles: default
2020-10-07 22:17:31.804  INFO 19364 --- [    Test worker] .s.d.r.c.RepositoryConfigurationDelegate : Bootstrapping Spring Data repositories in DEFAULT mode.
2020-10-07 22:17:31.900  INFO 19364 --- [    Test worker] .s.d.r.c.RepositoryConfigurationDelegate : Finished Spring Data repository scanning in 95ms. Found 2 repository interfaces.
2020-10-07 22:17:32.132  INFO 19364 --- [    Test worker] trationDelegate$BeanPostProcessorChecker : Bean 'org.springframework.transaction.annotation.ProxyTransactionManagementConfiguration' of type [org.springframework.transaction.annotation.ProxyTransactionManagementConfiguration$$EnhancerBySpringCGLIB$$89fa6903] is not eligible for getting processed by all BeanPostProcessors (for example: not eligible for auto-proxying)
2020-10-07 22:17:32.327  INFO 19364 --- [    Test worker] com.zaxxer.hikari.HikariDataSource       : HikariPool-2 - Starting...
2020-10-07 22:17:32.329  INFO 19364 --- [    Test worker] com.zaxxer.hikari.HikariDataSource       : HikariPool-2 - Start completed.
2020-10-07 22:17:32.412  INFO 19364 --- [    Test worker] o.hibernate.jpa.internal.util.LogHelper  : HHH000204: Processing PersistenceUnitInfo [
	name: default
	...]
2020-10-07 22:17:32.458  INFO 19364 --- [    Test worker] org.hibernate.dialect.Dialect            : HHH000400: Using dialect: org.hibernate.dialect.MySQL5InnoDBDialect
Hibernate: drop table if exists posts
Hibernate: drop table if exists user
Hibernate: create table posts (id bigint not null auto_increment, created_date datetime, modified_date datetime, author varchar(255), content TEXT not null, title varchar(500) not null, primary key (id)) engine=InnoDB
Hibernate: create table user (id bigint not null auto_increment, created_date datetime, modified_date datetime, email varchar(255) not null, name varchar(255) not null, picture varchar(255), role varchar(255) not null, primary key (id)) engine=InnoDB
2020-10-07 22:17:32.548  INFO 19364 --- [    Test worker] o.h.t.schema.internal.SchemaCreatorImpl  : HHH000476: Executing import script 'org.hibernate.tool.schema.internal.exec.ScriptSourceInputNonExistentImpl@4f18050b'
2020-10-07 22:17:32.549  INFO 19364 --- [    Test worker] j.LocalContainerEntityManagerFactoryBean : Initialized JPA EntityManagerFactory for persistence unit 'default'
2020-10-07 22:17:33.000  INFO 19364 --- [    Test worker] o.h.h.i.QueryTranslatorFactoryInitiator  : HHH000397: Using ASTQueryTranslatorFactory
2020-10-07 22:17:33.380  INFO 19364 --- [    Test worker] o.s.s.web.DefaultSecurityFilterChain     : Creating filter chain: any request, [org.springframework.security.web.context.request.async.WebAsyncManagerIntegrationFilter@571162e5, org.springframework.security.web.context.SecurityContextPersistenceFilter@72719a33, org.springframework.security.web.header.HeaderWriterFilter@6c25885d, org.springframework.security.web.authentication.logout.LogoutFilter@78dea64a, org.springframework.security.oauth2.client.web.OAuth2AuthorizationRequestRedirectFilter@567e1885, org.springframework.security.oauth2.client.web.OAuth2LoginAuthenticationFilter@14036eb4, org.springframework.security.web.authentication.ui.DefaultLoginPageGeneratingFilter@68004ab, org.springframework.security.web.authentication.ui.DefaultLogoutPageGeneratingFilter@5900d8b2, org.springframework.security.web.savedrequest.RequestCacheAwareFilter@301ca416, org.springframework.security.web.servletapi.SecurityContextHolderAwareRequestFilter@703bb528, org.springframework.security.web.authentication.AnonymousAuthenticationFilter@7f1c4927, org.springframework.security.web.session.SessionManagementFilter@ded266, org.springframework.security.web.access.ExceptionTranslationFilter@43503ff4, org.springframework.security.web.access.intercept.FilterSecurityInterceptor@3167ef0a]
2020-10-07 22:17:34.098  INFO 19364 --- [    Test worker] o.s.s.concurrent.ThreadPoolTaskExecutor  : Initializing ExecutorService 'applicationTaskExecutor'
2020-10-07 22:17:34.126  WARN 19364 --- [    Test worker] aWebConfiguration$JpaWebMvcConfiguration : spring.jpa.open-in-view is enabled by default. Therefore, database queries may be performed during view rendering. Explicitly configure spring.jpa.open-in-view to disable this warning
2020-10-07 22:17:34.189  INFO 19364 --- [    Test worker] o.s.b.a.w.s.WelcomePageHandlerMapping    : Adding welcome page template: index
2020-10-07 22:17:35.108  INFO 19364 --- [    Test worker] s.a.ScheduledAnnotationBeanPostProcessor : No TaskScheduler/ScheduledExecutorService bean found for scheduled processing
2020-10-07 22:17:35.110  INFO 19364 --- [    Test worker] c.g.b.s.d.posts.PostsRepositoryTest      : Started PostsRepositoryTest in 4.039 seconds (JVM running for 21.862)
Hibernate: insert into posts (created_date, modified_date, author, content, title) values (?, ?, ?, ?, ?)
Hibernate: select posts0_.id as id1_0_, posts0_.created_date as created_2_0_, posts0_.modified_date as modified3_0_, posts0_.author as author4_0_, posts0_.content as content5_0_, posts0_.title as title6_0_ from posts posts0_
Hibernate: select posts0_.id as id1_0_, posts0_.created_date as created_2_0_, posts0_.modified_date as modified3_0_, posts0_.author as author4_0_, posts0_.content as content5_0_, posts0_.title as title6_0_ from posts posts0_
Hibernate: delete from posts where id=?
Hibernate: insert into posts (created_date, modified_date, author, content, title) values (?, ?, ?, ?, ?)
Hibernate: select posts0_.id as id1_0_, posts0_.created_date as created_2_0_, posts0_.modified_date as modified3_0_, posts0_.author as author4_0_, posts0_.content as content5_0_, posts0_.title as title6_0_ from posts posts0_
>>>>>>>>>> createDate = 2020-10-07T22:17:35.509, modifiedDate = 2020-10-07T22:17:35.509
Hibernate: select posts0_.id as id1_0_, posts0_.created_date as created_2_0_, posts0_.modified_date as modified3_0_, posts0_.author as author4_0_, posts0_.content as content5_0_, posts0_.title as title6_0_ from posts posts0_
Hibernate: delete from posts where id=?
]]></system-out>
  <system-err><![CDATA[]]></system-err>
</testsuite>
