<?xml version="1.0" encoding="UTF-8"?>
<testsuite name="com.gyong.book.springboot.web.HelloControllerTest" tests="2" skipped="0" failures="0" errors="0" timestamp="2020-10-07T13:17:37" hostname="DESKTOP-3H0QRFM" time="0.285">
  <properties/>
  <testcase name="helloDto_return" classname="com.gyong.book.springboot.web.HelloControllerTest" time="0.265"/>
  <testcase name="hello_return" classname="com.gyong.book.springboot.web.HelloControllerTest" time="0.018"/>
  <system-out><![CDATA[2020-10-07 22:17:35.570  INFO 19364 --- [    Test worker] .b.t.a.w.s.WebMvcTestContextBootstrapper : Neither @ContextConfiguration nor @ContextHierarchy found for test class [com.gyong.book.springboot.web.HelloControllerTest], using SpringBootContextLoader
2020-10-07 22:17:35.572  INFO 19364 --- [    Test worker] o.s.t.c.support.AbstractContextLoader    : Could not detect default resource locations for test class [com.gyong.book.springboot.web.HelloControllerTest]: no resource found for suffixes {-context.xml, Context.groovy}.
2020-10-07 22:17:35.572  INFO 19364 --- [    Test worker] t.c.s.AnnotationConfigContextLoaderUtils : Could not detect default configuration classes for test class [com.gyong.book.springboot.web.HelloControllerTest]: HelloControllerTest does not declare any static, non-private, non-final, nested classes annotated with @Configuration.
2020-10-07 22:17:35.609  INFO 19364 --- [    Test worker] .b.t.c.SpringBootTestContextBootstrapper : Found @SpringBootConfiguration com.gyong.book.springboot.Application for test class com.gyong.book.springboot.web.HelloControllerTest
2020-10-07 22:17:35.610  INFO 19364 --- [    Test worker] .b.t.a.w.s.WebMvcTestContextBootstrapper : Loaded default TestExecutionListener class names from location [META-INF/spring.factories]: [org.springframework.security.test.context.support.WithSecurityContextTestExecutionListener, org.springframework.security.test.context.support.ReactorContextTestExecutionListener, org.springframework.boot.test.autoconfigure.restdocs.RestDocsTestExecutionListener, org.springframework.boot.test.autoconfigure.web.client.MockRestServiceServerResetTestExecutionListener, org.springframework.boot.test.autoconfigure.web.servlet.MockMvcPrintOnlyOnFailureTestExecutionListener, org.springframework.boot.test.autoconfigure.web.servlet.WebDriverTestExecutionListener, org.springframework.boot.test.mock.mockito.MockitoTestExecutionListener, org.springframework.boot.test.mock.mockito.ResetMocksTestExecutionListener, org.springframework.test.context.web.ServletTestExecutionListener, org.springframework.test.context.support.DirtiesContextBeforeModesTestExecutionListener, org.springframework.test.context.support.DependencyInjectionTestExecutionListener, org.springframework.test.context.support.DirtiesContextTestExecutionListener, org.springframework.test.context.transaction.TransactionalTestExecutionListener, org.springframework.test.context.jdbc.SqlScriptsTestExecutionListener]
2020-10-07 22:17:35.616  INFO 19364 --- [    Test worker] .b.t.a.w.s.WebMvcTestContextBootstrapper : Using TestExecutionListeners: [org.springframework.test.context.web.ServletTestExecutionListener@3a01375b, org.springframework.test.context.support.DirtiesContextBeforeModesTestExecutionListener@3c24f19a, org.springframework.boot.test.mock.mockito.MockitoTestExecutionListener@5a9cccb8, org.springframework.boot.test.autoconfigure.SpringBootDependencyInjectionTestExecutionListener@487b17d6, org.springframework.test.context.support.DirtiesContextTestExecutionListener@7b735a6d, org.springframework.test.context.transaction.TransactionalTestExecutionListener@60c0dcb8, org.springframework.test.context.jdbc.SqlScriptsTestExecutionListener@5c852514, org.springframework.security.test.context.support.WithSecurityContextTestExecutionListener@4c505cf5, org.springframework.security.test.context.support.ReactorContextTestExecutionListener@2d11d720, org.springframework.boot.test.autoconfigure.restdocs.RestDocsTestExecutionListener@4b52eb26, org.springframework.boot.test.autoconfigure.web.client.MockRestServiceServerResetTestExecutionListener@3e0acadd, org.springframework.boot.test.autoconfigure.web.servlet.MockMvcPrintOnlyOnFailureTestExecutionListener@70f39e1d, org.springframework.boot.test.autoconfigure.web.servlet.WebDriverTestExecutionListener@53f8fff4, org.springframework.boot.test.mock.mockito.ResetMocksTestExecutionListener@f2f2576]

  .   ____          _            __ _ _
 /\\ / ___'_ __ _ _(_)_ __  __ _ \ \ \ \
( ( )\___ | '_ | '_| | '_ \/ _` | \ \ \ \
 \\/  ___)| |_)| | | | | || (_| |  ) ) ) )
  '  |____| .__|_| |_|_| |_\__, | / / / /
 =========|_|==============|___/=/_/_/_/
 :: Spring Boot ::        (v2.1.9.RELEASE)

2020-10-07 22:17:35.703  INFO 19364 --- [    Test worker] c.g.b.s.web.HelloControllerTest          : Starting HelloControllerTest on DESKTOP-3H0QRFM with PID 19364 (started by gyuhong in C:\Users\gyuhong\IdeaProjects\freetec-springboot2-websevice)
2020-10-07 22:17:35.704  INFO 19364 --- [    Test worker] c.g.b.s.web.HelloControllerTest          : No active profile set, falling back to default profiles: default
2020-10-07 22:17:36.738  INFO 19364 --- [    Test worker] o.s.s.concurrent.ThreadPoolTaskExecutor  : Initializing ExecutorService 'applicationTaskExecutor'
2020-10-07 22:17:36.806  INFO 19364 --- [    Test worker] o.s.b.a.w.s.WelcomePageHandlerMapping    : Adding welcome page template: index
2020-10-07 22:17:37.283  INFO 19364 --- [    Test worker] .s.s.UserDetailsServiceAutoConfiguration : 

Using generated security password: 0bc05bc4-093f-4007-9dfe-4241e7de750a

2020-10-07 22:17:37.624  INFO 19364 --- [    Test worker] o.s.s.web.DefaultSecurityFilterChain     : Creating filter chain: any request, [org.springframework.security.web.context.request.async.WebAsyncManagerIntegrationFilter@72712a62, org.springframework.security.web.context.SecurityContextPersistenceFilter@3e29b47f, org.springframework.security.web.header.HeaderWriterFilter@cda55bb, org.springframework.security.web.csrf.CsrfFilter@4b0eda50, org.springframework.security.web.authentication.logout.LogoutFilter@5b363f39, org.springframework.security.web.authentication.UsernamePasswordAuthenticationFilter@4c6316d3, org.springframework.security.web.authentication.ui.DefaultLoginPageGeneratingFilter@392e065e, org.springframework.security.web.authentication.ui.DefaultLogoutPageGeneratingFilter@56fb7d77, org.springframework.security.web.authentication.www.BasicAuthenticationFilter@68124b73, org.springframework.security.web.savedrequest.RequestCacheAwareFilter@8c2cf15, org.springframework.security.web.servletapi.SecurityContextHolderAwareRequestFilter@566b343b, org.springframework.security.web.authentication.AnonymousAuthenticationFilter@2cc8fd08, org.springframework.security.web.session.SessionManagementFilter@313bd22a, org.springframework.security.web.access.ExceptionTranslationFilter@1855d10e, org.springframework.security.web.access.intercept.FilterSecurityInterceptor@40fb6c4d]
2020-10-07 22:17:37.678  INFO 19364 --- [    Test worker] o.s.b.t.m.w.SpringBootMockServletContext : Initializing Spring TestDispatcherServlet ''
2020-10-07 22:17:37.678  INFO 19364 --- [    Test worker] o.s.t.web.servlet.TestDispatcherServlet  : Initializing Servlet ''
2020-10-07 22:17:37.700  INFO 19364 --- [    Test worker] o.s.t.web.servlet.TestDispatcherServlet  : Completed initialization in 22 ms
2020-10-07 22:17:37.761  INFO 19364 --- [    Test worker] c.g.b.s.web.HelloControllerTest          : Started HelloControllerTest in 2.14 seconds (JVM running for 24.514)
]]></system-out>
  <system-err><![CDATA[]]></system-err>
</testsuite>
